Arguments: 
  /Users/LukeMacKenzie/.nvm/versions/node/v12.16.0/bin/node /usr/local/Cellar/yarn/1.22.4/libexec/bin/yarn.js add -D @llty/eleventy

PATH: 
  /Users/LukeMacKenzie/.nvm/versions/node/v12.16.0/bin:/usr/local/bin:/usr/bin:/bin:/usr/sbin:/sbin:/Applications/VMware Fusion.app/Contents/Public:/Users/LukeMacKenzie/.nvm/versions/node/v12.16.0/bin

Yarn version: 
  1.22.4

Node version: 
  12.16.0

Platform: 
  darwin x64

Trace: 
  Error: https://registry.yarnpkg.com/@llty%2feleventy: Not found
      at Request.params.callback [as _callback] (/usr/local/Cellar/yarn/1.22.4/libexec/lib/cli.js:66987:18)
      at Request.self.callback (/usr/local/Cellar/yarn/1.22.4/libexec/lib/cli.js:140748:22)
      at Request.emit (events.js:321:20)
      at Request.<anonymous> (/usr/local/Cellar/yarn/1.22.4/libexec/lib/cli.js:141720:10)
      at Request.emit (events.js:321:20)
      at IncomingMessage.<anonymous> (/usr/local/Cellar/yarn/1.22.4/libexec/lib/cli.js:141642:12)
      at Object.onceWrapper (events.js:427:28)
      at IncomingMessage.emit (events.js:333:22)
      at endReadableNT (_stream_readable.js:1204:12)
      at processTicksAndRejections (internal/process/task_queues.js:84:21)

npm manifest: 
  {
    "name": "kindle-notes-app",
    "version": "1.0.0",
    "main": "index.js",
    "license": "MIT"
  }

yarn manifest: 
  No manifest

Lockfile: 
  No lockfile
